This file contains any messages produced by compilers while
running configure, to aid debugging if configure makes a mistake.

It was created by Haskell X11 package configure 1.4.6, which was
generated by GNU Autoconf 2.71.  Invocation command line was

  $ //home/skynet/.config/xmonad/X11-1.10.2/configure --with-compiler=ghc --prefix=/home/skynet/.cabal --bindir=/home/skynet/.cabal/bin --libdir=/home/skynet/.cabal/lib/x86_64-linux-ghc-9.0.2/X11-1.10.2-inplace --libexecdir=/home/skynet/.cabal/libexec/x86_64-linux-ghc-9.0.2/X11-1.10.2 --datadir=/home/skynet/.cabal/share/x86_64-linux-ghc-9.0.2/X11-1.10.2 --sysconfdir=/home/skynet/.cabal/etc CC=/usr/bin/cc

## --------- ##
## Platform. ##
## --------- ##

hostname = skynet-beast
uname -m = x86_64
uname -r = 5.17.9-arch1-1
uname -s = Linux
uname -v = #1 SMP PREEMPT Wed, 18 May 2022 17:30:11 +0000

/usr/bin/uname -p = unknown
/bin/uname -X     = unknown

/bin/arch              = unknown
/usr/bin/arch -k       = unknown
/usr/convex/getsysinfo = unknown
/usr/bin/hostinfo      = unknown
/bin/machine           = unknown
/usr/bin/oslevel       = unknown
/bin/universe          = unknown

PATH: /home/skynet/.cabal/bin/
PATH: /home/skynet/.cabal/bin/
PATH: /home/skynet/.cabal/
PATH: /usr/local/sbin/
PATH: /usr/local/bin/
PATH: /usr/bin/
PATH: /usr/bin/site_perl/
PATH: /usr/bin/vendor_perl/
PATH: /usr/bin/core_perl/


## ----------- ##
## Core tests. ##
## ----------- ##

configure:2418: checking for gcc
configure:2450: result: /usr/bin/cc
configure:2803: checking for C compiler version
configure:2812: /usr/bin/cc --version >&5
cc (GCC) 12.1.0
Copyright (C) 2022 Free Software Foundation, Inc.
This is free software; see the source for copying conditions.  There is NO
warranty; not even for MERCHANTABILITY or FITNESS FOR A PARTICULAR PURPOSE.

configure:2823: $? = 0
configure:2812: /usr/bin/cc -v >&5
Using built-in specs.
COLLECT_GCC=/usr/bin/cc
COLLECT_LTO_WRAPPER=/usr/lib/gcc/x86_64-pc-linux-gnu/12.1.0/lto-wrapper
Target: x86_64-pc-linux-gnu
Configured with: /build/gcc/src/gcc/configure --enable-languages=c,c++,ada,fortran,go,lto,objc,obj-c++ --enable-bootstrap --prefix=/usr --libdir=/usr/lib --libexecdir=/usr/lib --mandir=/usr/share/man --infodir=/usr/share/info --with-bugurl=https://bugs.archlinux.org/ --with-linker-hash-style=gnu --with-system-zlib --enable-__cxa_atexit --enable-cet=auto --enable-checking=release --enable-clocale=gnu --enable-default-pie --enable-default-ssp --enable-gnu-indirect-function --enable-gnu-unique-object --enable-linker-build-id --enable-lto --enable-multilib --enable-plugin --enable-shared --enable-threads=posix --disable-libssp --disable-libstdcxx-pch --disable-werror --with-build-config=bootstrap-lto --enable-link-serialization=1
Thread model: posix
Supported LTO compression algorithms: zlib zstd
gcc version 12.1.0 (GCC) 
configure:2823: $? = 0
configure:2812: /usr/bin/cc -V >&5
cc: error: unrecognized command-line option '-V'
cc: fatal error: no input files
compilation terminated.
configure:2823: $? = 1
configure:2812: /usr/bin/cc -qversion >&5
cc: error: unrecognized command-line option '-qversion'; did you mean '--version'?
cc: fatal error: no input files
compilation terminated.
configure:2823: $? = 1
configure:2812: /usr/bin/cc -version >&5
cc: error: unrecognized command-line option '-version'
cc: fatal error: no input files
compilation terminated.
configure:2823: $? = 1
configure:2843: checking whether the C compiler works
configure:2865: /usr/bin/cc -fuse-ld=gold   conftest.c  >&5
configure:2869: $? = 0
configure:2919: result: yes
configure:2922: checking for C compiler default output file name
configure:2924: result: a.out
configure:2930: checking for suffix of executables
configure:2937: /usr/bin/cc -o conftest -fuse-ld=gold   conftest.c  >&5
configure:2941: $? = 0
configure:2964: result: 
configure:2986: checking whether we are cross compiling
configure:2994: /usr/bin/cc -o conftest -fuse-ld=gold   conftest.c  >&5
configure:2998: $? = 0
configure:3005: ./conftest
configure:3009: $? = 0
configure:3024: result: no
configure:3029: checking for suffix of object files
configure:3052: /usr/bin/cc -c -fuse-ld=gold  conftest.c >&5
configure:3056: $? = 0
configure:3078: result: o
configure:3082: checking whether the compiler supports GNU C
configure:3102: /usr/bin/cc -c -fuse-ld=gold  conftest.c >&5
configure:3102: $? = 0
configure:3112: result: yes
configure:3123: checking whether /usr/bin/cc accepts -g
configure:3144: /usr/bin/cc -c -g  conftest.c >&5
configure:3144: $? = 0
configure:3188: result: yes
configure:3208: checking for /usr/bin/cc option to enable C11 features
configure:3223: /usr/bin/cc  -c -fuse-ld=gold  conftest.c >&5
configure:3223: $? = 0
configure:3241: result: none needed
configure:3357: checking how to run the C preprocessor
configure:3383: /usr/bin/cc -E  conftest.c
configure:3383: $? = 0
configure:3398: /usr/bin/cc -E  conftest.c
conftest.c:9:10: fatal error: ac_nonexistent.h: No such file or directory
    9 | #include <ac_nonexistent.h>
      |          ^~~~~~~~~~~~~~~~~~
compilation terminated.
configure:3398: $? = 1
configure: failed program was:
| /* confdefs.h */
| #define PACKAGE_NAME "Haskell X11 package"
| #define PACKAGE_TARNAME "X11"
| #define PACKAGE_VERSION "1.4.6"
| #define PACKAGE_STRING "Haskell X11 package 1.4.6"
| #define PACKAGE_BUGREPORT "dons@galois.com"
| #define PACKAGE_URL ""
| /* end confdefs.h.  */
| #include <ac_nonexistent.h>
configure:3425: result: /usr/bin/cc -E
configure:3439: /usr/bin/cc -E  conftest.c
configure:3439: $? = 0
configure:3454: /usr/bin/cc -E  conftest.c
conftest.c:9:10: fatal error: ac_nonexistent.h: No such file or directory
    9 | #include <ac_nonexistent.h>
      |          ^~~~~~~~~~~~~~~~~~
compilation terminated.
configure:3454: $? = 1
configure: failed program was:
| /* confdefs.h */
| #define PACKAGE_NAME "Haskell X11 package"
| #define PACKAGE_TARNAME "X11"
| #define PACKAGE_VERSION "1.4.6"
| #define PACKAGE_STRING "Haskell X11 package 1.4.6"
| #define PACKAGE_BUGREPORT "dons@galois.com"
| #define PACKAGE_URL ""
| /* end confdefs.h.  */
| #include <ac_nonexistent.h>
configure:3485: checking for X
configure:3523: /usr/bin/cc -o conftest -fuse-ld=gold   conftest.c -lX11  >&5
configure:3523: $? = 0
configure:3710: result: libraries , headers 
configure:3808: /usr/bin/cc -o conftest -fuse-ld=gold   conftest.c   -lX11 >&5
configure:3808: $? = 0
configure:3907: checking for gethostbyname
configure:3907: /usr/bin/cc -o conftest -fuse-ld=gold   conftest.c  >&5
configure:3907: $? = 0
configure:3907: result: yes
configure:4005: checking for connect
configure:4005: /usr/bin/cc -o conftest -fuse-ld=gold   conftest.c  >&5
configure:4005: $? = 0
configure:4005: result: yes
configure:4055: checking for remove
configure:4055: /usr/bin/cc -o conftest -fuse-ld=gold   conftest.c  >&5
configure:4055: $? = 0
configure:4055: result: yes
configure:4105: checking for shmat
configure:4105: /usr/bin/cc -o conftest -fuse-ld=gold   conftest.c  >&5
configure:4105: $? = 0
configure:4105: result: yes
configure:4164: checking for IceConnectionNumber in -lICE
configure:4187: /usr/bin/cc -o conftest -fuse-ld=gold   conftest.c -lICE   >&5
configure:4187: $? = 0
configure:4197: result: yes
configure:4219: /usr/bin/cc -E   conftest.c
configure:4219: $? = 0
configure:4265: checking whether to build Xinerama
configure:4276: result: yes
configure:4284: checking for stdio.h
configure:4284: /usr/bin/cc -c -fuse-ld=gold   conftest.c >&5
configure:4284: $? = 0
configure:4284: result: yes
configure:4284: checking for stdlib.h
configure:4284: /usr/bin/cc -c -fuse-ld=gold   conftest.c >&5
configure:4284: $? = 0
configure:4284: result: yes
configure:4284: checking for string.h
configure:4284: /usr/bin/cc -c -fuse-ld=gold   conftest.c >&5
configure:4284: $? = 0
configure:4284: result: yes
configure:4284: checking for inttypes.h
configure:4284: /usr/bin/cc -c -fuse-ld=gold   conftest.c >&5
configure:4284: $? = 0
configure:4284: result: yes
configure:4284: checking for stdint.h
configure:4284: /usr/bin/cc -c -fuse-ld=gold   conftest.c >&5
configure:4284: $? = 0
configure:4284: result: yes
configure:4284: checking for strings.h
configure:4284: /usr/bin/cc -c -fuse-ld=gold   conftest.c >&5
configure:4284: $? = 0
configure:4284: result: yes
configure:4284: checking for sys/stat.h
configure:4284: /usr/bin/cc -c -fuse-ld=gold   conftest.c >&5
configure:4284: $? = 0
configure:4284: result: yes
configure:4284: checking for sys/types.h
configure:4284: /usr/bin/cc -c -fuse-ld=gold   conftest.c >&5
configure:4284: $? = 0
configure:4284: result: yes
configure:4284: checking for unistd.h
configure:4284: /usr/bin/cc -c -fuse-ld=gold   conftest.c >&5
configure:4284: $? = 0
configure:4284: result: yes
configure:4311: checking for X11/extensions/Xinerama.h
configure:4311: /usr/bin/cc -c -fuse-ld=gold   conftest.c >&5
configure:4311: $? = 0
configure:4311: result: yes
configure:4330: checking for X11/extensions/Xrandr.h
configure:4330: /usr/bin/cc -c -fuse-ld=gold   conftest.c >&5
configure:4330: $? = 0
configure:4330: result: yes
configure:4344: checking for X11/extensions/scrnsaver.h
configure:4344: /usr/bin/cc -c -fuse-ld=gold   conftest.c >&5
configure:4344: $? = 0
configure:4344: result: yes
configure:4357: checking whether to include X.org keysyms
configure:4368: result: yes
configure:4374: checking for X11/keysym.h
configure:4374: /usr/bin/cc -c -fuse-ld=gold   conftest.c >&5
configure:4374: $? = 0
configure:4374: result: yes
configure:4388: checking for X11/DECkeysym.h
configure:4388: /usr/bin/cc -c -fuse-ld=gold   conftest.c >&5
configure:4388: $? = 0
configure:4388: result: yes
configure:4402: checking for X11/Sunkeysym.h
configure:4402: /usr/bin/cc -c -fuse-ld=gold   conftest.c >&5
configure:4402: $? = 0
configure:4402: result: yes
configure:4416: checking for X11/ap_keysym.h
configure:4416: /usr/bin/cc -c -fuse-ld=gold   conftest.c >&5
configure:4416: $? = 0
configure:4416: result: yes
configure:4430: checking for X11/HPkeysym.h
configure:4430: /usr/bin/cc -c -fuse-ld=gold   conftest.c >&5
configure:4430: $? = 0
configure:4430: result: yes
configure:4444: checking for X11/XF86keysym.h
configure:4444: /usr/bin/cc -c -fuse-ld=gold   conftest.c >&5
configure:4444: $? = 0
configure:4444: result: yes
configure:4458: checking for X11/keysymdef.h
configure:4458: /usr/bin/cc -c -fuse-ld=gold   conftest.c >&5
configure:4458: $? = 0
configure:4458: result: yes
configure:4472: checking for X11/cursorfont.h
configure:4472: /usr/bin/cc -c -fuse-ld=gold   conftest.c >&5
configure:4472: $? = 0
configure:4472: result: yes
configure:4600: creating ./config.status

## ---------------------- ##
## Running config.status. ##
## ---------------------- ##

This file was extended by Haskell X11 package config.status 1.4.6, which was
generated by GNU Autoconf 2.71.  Invocation command line was

  CONFIG_FILES    = 
  CONFIG_HEADERS  = 
  CONFIG_LINKS    = 
  CONFIG_COMMANDS = 
  $ ./config.status 

on skynet-beast

config.status:813: creating config.mk
config.status:813: creating X11.buildinfo
config.status:813: creating include/HsX11Config.h
config.status:813: creating include/X11_extras_config.h
configure:5751: WARNING: unrecognized options: --with-compiler

## ---------------- ##
## Cache variables. ##
## ---------------- ##

ac_cv_c_compiler_gnu=yes
ac_cv_env_CC_set=set
ac_cv_env_CC_value=/usr/bin/cc
ac_cv_env_CFLAGS_set=set
ac_cv_env_CFLAGS_value=-fuse-ld=gold
ac_cv_env_CPPFLAGS_set=
ac_cv_env_CPPFLAGS_value=
ac_cv_env_CPP_set=
ac_cv_env_CPP_value=
ac_cv_env_LDFLAGS_set=
ac_cv_env_LDFLAGS_value=
ac_cv_env_LIBS_set=
ac_cv_env_LIBS_value=
ac_cv_env_XMKMF_set=
ac_cv_env_XMKMF_value=
ac_cv_env_build_alias_set=
ac_cv_env_build_alias_value=
ac_cv_env_host_alias_set=
ac_cv_env_host_alias_value=
ac_cv_env_target_alias_set=
ac_cv_env_target_alias_value=
ac_cv_func_connect=yes
ac_cv_func_gethostbyname=yes
ac_cv_func_remove=yes
ac_cv_func_shmat=yes
ac_cv_have_x='have_x=yes	ac_x_includes='\'''\''	ac_x_libraries='\'''\'''
ac_cv_header_X11_DECkeysym_h=yes
ac_cv_header_X11_HPkeysym_h=yes
ac_cv_header_X11_Sunkeysym_h=yes
ac_cv_header_X11_XF86keysym_h=yes
ac_cv_header_X11_ap_keysym_h=yes
ac_cv_header_X11_cursorfont_h=yes
ac_cv_header_X11_extensions_Xinerama_h=yes
ac_cv_header_X11_extensions_Xrandr_h=yes
ac_cv_header_X11_extensions_scrnsaver_h=yes
ac_cv_header_X11_keysym_h=yes
ac_cv_header_X11_keysymdef_h=yes
ac_cv_header_inttypes_h=yes
ac_cv_header_stdint_h=yes
ac_cv_header_stdio_h=yes
ac_cv_header_stdlib_h=yes
ac_cv_header_string_h=yes
ac_cv_header_strings_h=yes
ac_cv_header_sys_stat_h=yes
ac_cv_header_sys_types_h=yes
ac_cv_header_unistd_h=yes
ac_cv_lib_ICE_IceConnectionNumber=yes
ac_cv_objext=o
ac_cv_prog_CPP='/usr/bin/cc -E'
ac_cv_prog_ac_ct_CC=/usr/bin/cc
ac_cv_prog_cc_c11=
ac_cv_prog_cc_g=yes
ac_cv_prog_cc_stdc=

## ----------------- ##
## Output variables. ##
## ----------------- ##

BUILD_PACKAGE_BOOL='True'
CC='/usr/bin/cc'
CFLAGS='-fuse-ld=gold'
CPP='/usr/bin/cc -E'
CPPFLAGS=' '
DEFS='-DHAVE_CONFIG_H'
ECHO_C=''
ECHO_N='-n'
ECHO_T=''
EXEEXT=''
EXTRA_LIBRARIES='Xss Xinerama Xext'
LDFLAGS=''
LIBOBJS=''
LIBS=''
LTLIBOBJS=''
OBJEXT='o'
PACKAGE_BUGREPORT='dons@galois.com'
PACKAGE_NAME='Haskell X11 package'
PACKAGE_STRING='Haskell X11 package 1.4.6'
PACKAGE_TARNAME='X11'
PACKAGE_URL=''
PACKAGE_VERSION='1.4.6'
PATH_SEPARATOR=':'
SHELL='/bin/sh'
X11_BUILD_PACKAGE='yes'
XMKMF=''
X_CFLAGS=''
X_EXTRA_LIBS=''
X_LIBRARIES=''
X_LIBS=''
X_PRE_LIBS=' -lSM -lICE'
ac_ct_CC='/usr/bin/cc'
bindir='/home/skynet/.cabal/bin'
build_alias=''
datadir='/home/skynet/.cabal/share/x86_64-linux-ghc-9.0.2/X11-1.10.2'
datarootdir='${prefix}/share'
docdir='${datarootdir}/doc/${PACKAGE_TARNAME}'
dvidir='${docdir}'
exec_prefix='${prefix}'
host_alias=''
htmldir='${docdir}'
includedir='${prefix}/include'
infodir='${datarootdir}/info'
libdir='/home/skynet/.cabal/lib/x86_64-linux-ghc-9.0.2/X11-1.10.2-inplace'
libexecdir='/home/skynet/.cabal/libexec/x86_64-linux-ghc-9.0.2/X11-1.10.2'
localedir='${datarootdir}/locale'
localstatedir='${prefix}/var'
mandir='${datarootdir}/man'
oldincludedir='/usr/include'
pdfdir='${docdir}'
prefix='/home/skynet/.cabal'
program_transform_name='s,x,x,'
psdir='${docdir}'
runstatedir='${localstatedir}/run'
sbindir='${exec_prefix}/sbin'
sharedstatedir='${prefix}/com'
sysconfdir='/home/skynet/.cabal/etc'
target_alias=''

## ----------- ##
## confdefs.h. ##
## ----------- ##

/* confdefs.h */
#define PACKAGE_NAME "Haskell X11 package"
#define PACKAGE_TARNAME "X11"
#define PACKAGE_VERSION "1.4.6"
#define PACKAGE_STRING "Haskell X11 package 1.4.6"
#define PACKAGE_BUGREPORT "dons@galois.com"
#define PACKAGE_URL ""
#define X_CFLAGS 
#define X_LIBS 
#define HAVE_STDIO_H 1
#define HAVE_STDLIB_H 1
#define HAVE_STRING_H 1
#define HAVE_INTTYPES_H 1
#define HAVE_STDINT_H 1
#define HAVE_STRINGS_H 1
#define HAVE_SYS_STAT_H 1
#define HAVE_SYS_TYPES_H 1
#define HAVE_UNISTD_H 1
#define STDC_HEADERS 1
#define HAVE_X11_EXTENSIONS_XINERAMA_H 1
#define HAVE_X11_EXTENSIONS_XRANDR_H 1
#define HAVE_X11_EXTENSIONS_SCRNSAVER_H 1
#define HAVE_X11_KEYSYM_H 1
#define HAVE_X11_DECKEYSYM_H 1
#define HAVE_X11_SUNKEYSYM_H 1
#define HAVE_X11_AP_KEYSYM_H 1
#define HAVE_X11_HPKEYSYM_H 1
#define HAVE_X11_XF86KEYSYM_H 1
#define HAVE_X11_KEYSYMDEF_H 1
#define HAVE_X11_CURSORFONT_H 1

configure: exit 0
